<?xml version="1.0" encoding="UTF-8"?>
<testng-results ignored="0" total="3" passed="3" failed="0" skipped="0">
  <reporter-output>
  </reporter-output>
  <suite started-at="2022-08-15T18:27:06 IST" name="Default suite" finished-at="2022-08-15T18:27:20 IST" duration-ms="14136">
    <groups>
    </groups>
    <test started-at="2022-08-15T18:27:06 IST" name="Default test" finished-at="2022-08-15T18:27:20 IST" duration-ms="14136">
      <class name="testNG.Sample">
        <test-method signature="tc1(java.lang.String, java.lang.String)[pri:0, instance:testNG.Sample@78ffe6dc]" started-at="2022-08-15T18:27:06 IST" name="tc1" data-provider="getData" finished-at="2022-08-15T18:27:15 IST" duration-ms="8557" status="PASS">
          <params>
            <param index="0">
              <value>
                <![CDATA[qwerty]]>
              </value>
            </param>
            <param index="1">
              <value>
                <![CDATA[qewrtyui]]>
              </value>
            </param>
          </params>
          <reporter-output>
          </reporter-output>
        </test-method> <!-- tc1 -->
        <test-method signature="tc1(java.lang.String, java.lang.String)[pri:0, instance:testNG.Sample@78ffe6dc]" started-at="2022-08-15T18:27:15 IST" name="tc1" data-provider="getData" finished-at="2022-08-15T18:27:18 IST" duration-ms="3019" status="PASS">
          <params>
            <param index="0">
              <value>
                <![CDATA[12345678]]>
              </value>
            </param>
            <param index="1">
              <value>
                <![CDATA[1345678]]>
              </value>
            </param>
          </params>
          <reporter-output>
          </reporter-output>
        </test-method> <!-- tc1 -->
        <test-method signature="tc1(java.lang.String, java.lang.String)[pri:0, instance:testNG.Sample@78ffe6dc]" started-at="2022-08-15T18:27:18 IST" name="tc1" data-provider="getData" finished-at="2022-08-15T18:27:20 IST" duration-ms="2517" status="PASS">
          <params>
            <param index="0">
              <value>
                <![CDATA[wetr565898g#@$#%]]>
              </value>
            </param>
            <param index="1">
              <value>
                <![CDATA[567hgd8978*&^%%]]>
              </value>
            </param>
          </params>
          <reporter-output>
          </reporter-output>
        </test-method> <!-- tc1 -->
      </class> <!-- testNG.Sample -->
    </test> <!-- Default test -->
  </suite> <!-- Default suite -->
</testng-results>
